<?xml version="1.0" encoding="UTF-8"?>
<coverage generated="1652295442167" clover="3.2.0">
  <project timestamp="1652295442167" name="All files">
    <metrics statements="14" coveredstatements="8" conditionals="10" coveredconditionals="2" methods="10" coveredmethods="6" elements="34" coveredelements="16" complexity="0" loc="14" ncloc="14" packages="1" files="2" classes="2">
      <file name="BDatePickerWithValidation.vue" path="D:\working\test\Vue-GoogleMap-Form\src\components\inputs\BDatePickerWithValidation.vue">
        <metrics statements="7" coveredstatements="4" conditionals="4" coveredconditionals="1" methods="5" coveredmethods="3"/>
        <line num="41" count="1" type="stmt"/>
        <line num="49" count="0" type="cond" truecount="0" falsecount="2"/>
        <line num="50" count="0" type="stmt"/>
        <line num="56" count="1" type="stmt"/>
        <line num="60" count="0" type="stmt"/>
        <line num="64" count="1" type="cond" truecount="1" falsecount="1"/>
        <line num="65" count="1" type="stmt"/>
      </file>
      <file name="BTextInputWithValidation.vue" path="D:\working\test\Vue-GoogleMap-Form\src\components\inputs\BTextInputWithValidation.vue">
        <metrics statements="7" coveredstatements="4" conditionals="6" coveredconditionals="1" methods="5" coveredmethods="3"/>
        <line num="39" count="1" type="stmt"/>
        <line num="43" count="0" type="cond" truecount="0" falsecount="2"/>
        <line num="44" count="0" type="cond" truecount="0" falsecount="2"/>
        <line num="50" count="1" type="stmt"/>
        <line num="54" count="0" type="stmt"/>
        <line num="58" count="1" type="cond" truecount="1" falsecount="1"/>
        <line num="59" count="1" type="stmt"/>
      </file>
    </metrics>
  </project>
</coverage>
