TN:
SF:D:\working\test\Vue-GoogleMap-Form\src\components\inputs\BDatePickerWithValidation.vue
FN:41,data
FN:48,isInvalid
FN:55,innerValue
FN:59,value
FN:63,created
FNF:5
FNH:3
FNDA:1,data
FNDA:0,isInvalid
FNDA:1,innerValue
FNDA:0,value
FNDA:1,created
DA:41,1
DA:49,0
DA:50,0
DA:56,1
DA:60,0
DA:64,1
DA:65,1
LF:7
LH:4
BRDA:49,0,0,0
BRDA:49,0,1,0
BRDA:64,1,0,1
BRDA:64,1,1,0
BRF:4
BRH:1
end_of_record
TN:
SF:D:\working\test\Vue-GoogleMap-Form\src\components\inputs\BTextInputWithValidation.vue
FN:39,data
FN:43,getValidationState
FN:49,innerValue
FN:53,value
FN:57,created
FNF:5
FNH:3
FNDA:1,data
FNDA:0,getValidationState
FNDA:1,innerValue
FNDA:0,value
FNDA:1,created
DA:39,1
DA:43,0
DA:44,0
DA:50,1
DA:54,0
DA:58,1
DA:59,1
LF:7
LH:4
BRDA:43,0,0,0
BRDA:43,0,1,0
BRDA:44,1,0,0
BRDA:44,1,1,0
BRDA:58,2,0,1
BRDA:58,2,1,0
BRF:6
BRH:1
end_of_record
